
Showing logs for build [32mcb-kubecd-environment-pr-165-58-hhbbp-1[0m stage [32mfrom-build-pack[0m and container [32mstep-credential-initializer-d7n42[0m
{"level":"warn","ts":1582440999.988276,"logger":"fallback-logger","caller":"logging/config.go:69","msg":"Fetch GitHub commit ID from kodata failed: \"ref: refs/heads/0.8.0-**-support-backwards-incompats\" is not a valid GitHub commit ID"}
{"level":"info","ts":1582440999.9902976,"logger":"fallback-logger","caller":"creds-init/main.go:40","msg":"Credentials initialized."}

Showing logs for build [32mcb-kubecd-environment-pr-165-58-hhbbp-1[0m stage [32mfrom-build-pack[0m and container [32mstep-working-dir-initializer-bpkln[0m
{"level":"warn","ts":1582441001.5430453,"logger":"fallback-logger","caller":"logging/config.go:69","msg":"Fetch GitHub commit ID from kodata failed: open /var/run/ko/HEAD: no such file or directory"}
{"level":"info","ts":1582441001.5502124,"logger":"fallback-logger","caller":"bash/main.go:64","msg":"Successfully executed command \"sh -c mkdir -p /workspace/source\"; output "}

Showing logs for build [32mcb-kubecd-environment-pr-165-58-hhbbp-1[0m stage [32mfrom-build-pack[0m and container [32mstep-place-tools[0m

Showing logs for build [32mcb-kubecd-environment-pr-165-58-hhbbp-1[0m stage [32mfrom-build-pack[0m and container [32mstep-git-source-cb-kubecd-environment-pr-165-58-hhbbp-wws9q[0m
{"level":"warn","ts":1582441007.6814256,"logger":"fallback-logger","caller":"logging/config.go:69","msg":"Fetch GitHub commit ID from kodata failed: \"ref: refs/heads/0.8.0-**-support-backwards-incompats\" is not a valid GitHub commit ID"}
{"level":"info","ts":1582441008.8784075,"logger":"fallback-logger","caller":"git/git.go:103","msg":"Successfully cloned https://github.com/cb-kubecd/environment-pr-165-58-boot-gke-staging.git @ master in path /workspace/source"}

Showing logs for build [32mcb-kubecd-environment-pr-165-58-hhbbp-1[0m stage [32mfrom-build-pack[0m and container [32mstep-git-merge[0m
Using SHAs from PULL_REFS=master:762c2a6c777769698c9ef3bf61279aab896e7eee,3:ccc75f017d2efa05ba65ad2a9665174e93b03f77
DEBUG: LC_ALL=C JX_LOG_LEVEL=error git fetch origin --unshallow ccc75f017d2efa05ba65ad2a9665174e93b03f77: 762c2a6c777769698c9ef3bf61279aab896e7eee:
DEBUG: ran git fetch --unshallow origin ccc75f017d2efa05ba65ad2a9665174e93b03f77: 762c2a6c777769698c9ef3bf61279aab896e7eee: in 
DEBUG: LC_ALL=C JX_LOG_LEVEL=error git branch
DEBUG: LC_ALL=C JX_LOG_LEVEL=error git checkout master
DEBUG: ran git checkout master in 
DEBUG: LC_ALL=C JX_LOG_LEVEL=error git reset --hard 762c2a6c777769698c9ef3bf61279aab896e7eee
DEBUG: ran git reset --hard 762c2a6c777769698c9ef3bf61279aab896e7eee in 
DEBUG: LC_ALL=C JX_LOG_LEVEL=error git clean -fd .
DEBUG: ran clean --force -d . in 
DEBUG: LC_ALL=C JX_LOG_LEVEL=error git merge ccc75f017d2efa05ba65ad2a9665174e93b03f77
DEBUG: ran git merge ccc75f017d2efa05ba65ad2a9665174e93b03f77 in 
DEBUG: LC_ALL=C JX_LOG_LEVEL=error git log --format=%H%x1f%an%x1f%ae%x1f%cn%x1f%ce%x1f%s%n%b%x1e 762c2a6c777769698c9ef3bf61279aab896e7eee..HEAD
Merged SHA ccc75f017d2efa05ba65ad2a9665174e93b03f77 with commit message 'chore: Promote bdd-sbhg-1582440091 to version 0.0.1' into base branch master

Showing logs for build [32mcb-kubecd-environment-pr-165-58-hhbbp-1[0m stage [32mfrom-build-pack[0m and container [32mstep-build-helm-build[0m
WARNING: No $CHART_REPOSITORY defined so using the default value of: http://jenkins-x-chartmuseum:8080
Adding missing Helm repo: storage.googleapis.com https://storage.googleapis.com/chartmuseum.jenkins-x.io
WARNING: No secrets found on "helm/repos" due: reading the secret "helm/repos" from vault: no secret "helm/repos" not found in vault
Read credentials for https://storage.googleapis.com/chartmuseum.jenkins-x.io from vault helm/repos
Successfully added Helm repository storage.googleapis.com.
Adding missing Helm repo: jenkins-x-chartmuseum http://jenkins-x-chartmuseum:8080
WARNING: No secrets found on "helm/repos" due: reading the secret "helm/repos" from vault: no secret "helm/repos" not found in vault
Read credentials for http://jenkins-x-chartmuseum:8080 from vault helm/repos
Successfully added Helm repository jenkins-x-chartmuseum.
WARNING: No $CHART_REPOSITORY defined so using the default value of: http://jenkins-x-chartmuseum:8080
Adding missing Helm repo: chartmuseum.jenkins-x.io http://chartmuseum.jenkins-x.io
WARNING: No secrets found on "helm/repos" due: reading the secret "helm/repos" from vault: no secret "helm/repos" not found in vault
Read credentials for http://chartmuseum.jenkins-x.io from vault helm/repos
Successfully added Helm repository chartmuseum.jenkins-x.io.
