
Showing logs for build [32mcb-kubecd-environment-pr-165-58-ksgps-1[0m stage [32mfrom-build-pack[0m and container [32mstep-credential-initializer-xmqpb[0m
{"level":"warn","ts":1582441822.3333437,"logger":"fallback-logger","caller":"logging/config.go:69","msg":"Fetch GitHub commit ID from kodata failed: \"ref: refs/heads/0.8.0-**-support-backwards-incompats\" is not a valid GitHub commit ID"}
{"level":"info","ts":1582441822.3339372,"logger":"fallback-logger","caller":"creds-init/main.go:40","msg":"Credentials initialized."}

Showing logs for build [32mcb-kubecd-environment-pr-165-58-ksgps-1[0m stage [32mfrom-build-pack[0m and container [32mstep-working-dir-initializer-5t7g8[0m
{"level":"warn","ts":1582441823.2652347,"logger":"fallback-logger","caller":"logging/config.go:69","msg":"Fetch GitHub commit ID from kodata failed: open /var/run/ko/HEAD: no such file or directory"}
{"level":"info","ts":1582441823.284418,"logger":"fallback-logger","caller":"bash/main.go:64","msg":"Successfully executed command \"sh -c mkdir -p /workspace/source\"; output "}

Showing logs for build [32mcb-kubecd-environment-pr-165-58-ksgps-1[0m stage [32mfrom-build-pack[0m and container [32mstep-place-tools[0m

Showing logs for build [32mcb-kubecd-environment-pr-165-58-ksgps-1[0m stage [32mfrom-build-pack[0m and container [32mstep-git-source-cb-kubecd-environment-pr-165-58-ksgps-hf2x7[0m
{"level":"warn","ts":1582441827.4181855,"logger":"fallback-logger","caller":"logging/config.go:69","msg":"Fetch GitHub commit ID from kodata failed: \"ref: refs/heads/0.8.0-**-support-backwards-incompats\" is not a valid GitHub commit ID"}
{"level":"info","ts":1582441828.6321797,"logger":"fallback-logger","caller":"git/git.go:103","msg":"Successfully cloned https://github.com/cb-kubecd/environment-pr-165-58-boot-gke-staging.git @ master in path /workspace/source"}

Showing logs for build [32mcb-kubecd-environment-pr-165-58-ksgps-1[0m stage [32mfrom-build-pack[0m and container [32mstep-git-merge[0m
Using SHAs from PULL_REFS=master:4d6de18b971a4db8707ba4dd6550a1a400a7198c,4:e89dad1b7a89eb9633983d014a8f8f5a5acf7280
DEBUG: LC_ALL=C JX_LOG_LEVEL=error git fetch origin --unshallow e89dad1b7a89eb9633983d014a8f8f5a5acf7280: 4d6de18b971a4db8707ba4dd6550a1a400a7198c:
DEBUG: ran git fetch --unshallow origin e89dad1b7a89eb9633983d014a8f8f5a5acf7280: 4d6de18b971a4db8707ba4dd6550a1a400a7198c: in 
DEBUG: LC_ALL=C JX_LOG_LEVEL=error git branch
DEBUG: LC_ALL=C JX_LOG_LEVEL=error git checkout master
DEBUG: ran git checkout master in 
DEBUG: LC_ALL=C JX_LOG_LEVEL=error git reset --hard 4d6de18b971a4db8707ba4dd6550a1a400a7198c
DEBUG: ran git reset --hard 4d6de18b971a4db8707ba4dd6550a1a400a7198c in 
DEBUG: LC_ALL=C JX_LOG_LEVEL=error git clean -fd .
DEBUG: ran clean --force -d . in 
DEBUG: LC_ALL=C JX_LOG_LEVEL=error git merge e89dad1b7a89eb9633983d014a8f8f5a5acf7280
DEBUG: ran git merge e89dad1b7a89eb9633983d014a8f8f5a5acf7280 in 
DEBUG: LC_ALL=C JX_LOG_LEVEL=error git log --format=%H%x1f%an%x1f%ae%x1f%cn%x1f%ce%x1f%s%n%b%x1e 4d6de18b971a4db8707ba4dd6550a1a400a7198c..HEAD
Merged SHA e89dad1b7a89eb9633983d014a8f8f5a5acf7280 with commit message 'chore: Promote bdd-gh-1582440091 to version 0.0.1' into base branch master

Showing logs for build [32mcb-kubecd-environment-pr-165-58-ksgps-1[0m stage [32mfrom-build-pack[0m and container [32mstep-build-helm-build[0m
WARNING: No $CHART_REPOSITORY defined so using the default value of: http://jenkins-x-chartmuseum:8080
Adding missing Helm repo: storage.googleapis.com https://storage.googleapis.com/chartmuseum.jenkins-x.io
WARNING: No secrets found on "helm/repos" due: reading the secret "helm/repos" from vault: no secret "helm/repos" not found in vault
Read credentials for https://storage.googleapis.com/chartmuseum.jenkins-x.io from vault helm/repos
Successfully added Helm repository storage.googleapis.com.
Adding missing Helm repo: jenkins-x-chartmuseum http://jenkins-x-chartmuseum:8080
WARNING: No secrets found on "helm/repos" due: reading the secret "helm/repos" from vault: no secret "helm/repos" not found in vault
Read credentials for http://jenkins-x-chartmuseum:8080 from vault helm/repos
Successfully added Helm repository jenkins-x-chartmuseum.
WARNING: No $CHART_REPOSITORY defined so using the default value of: http://jenkins-x-chartmuseum:8080
Adding missing Helm repo: chartmuseum.jenkins-x.io http://chartmuseum.jenkins-x.io
WARNING: No secrets found on "helm/repos" due: reading the secret "helm/repos" from vault: no secret "helm/repos" not found in vault
Read credentials for http://chartmuseum.jenkins-x.io from vault helm/repos
Successfully added Helm repository chartmuseum.jenkins-x.io.
