
Showing logs for build [32mcb-kubecd-environment-pr-165-58-47qmt-1[0m stage [32mfrom-build-pack[0m and container [32mstep-credential-initializer-7zkdj[0m
{"level":"warn","ts":1582442911.837167,"logger":"fallback-logger","caller":"logging/config.go:69","msg":"Fetch GitHub commit ID from kodata failed: \"ref: refs/heads/0.8.0-**-support-backwards-incompats\" is not a valid GitHub commit ID"}
{"level":"info","ts":1582442911.8408108,"logger":"fallback-logger","caller":"creds-init/main.go:40","msg":"Credentials initialized."}

Showing logs for build [32mcb-kubecd-environment-pr-165-58-47qmt-1[0m stage [32mfrom-build-pack[0m and container [32mstep-working-dir-initializer-6d6xg[0m
{"level":"warn","ts":1582442912.799125,"logger":"fallback-logger","caller":"logging/config.go:69","msg":"Fetch GitHub commit ID from kodata failed: open /var/run/ko/HEAD: no such file or directory"}
{"level":"info","ts":1582442912.8010468,"logger":"fallback-logger","caller":"bash/main.go:64","msg":"Successfully executed command \"sh -c mkdir -p /workspace/source\"; output "}

Showing logs for build [32mcb-kubecd-environment-pr-165-58-47qmt-1[0m stage [32mfrom-build-pack[0m and container [32mstep-place-tools[0m

Showing logs for build [32mcb-kubecd-environment-pr-165-58-47qmt-1[0m stage [32mfrom-build-pack[0m and container [32mstep-git-source-cb-kubecd-environment-pr-165-58-47qmt-r79h9[0m
{"level":"warn","ts":1582442918.9055345,"logger":"fallback-logger","caller":"logging/config.go:69","msg":"Fetch GitHub commit ID from kodata failed: \"ref: refs/heads/0.8.0-**-support-backwards-incompats\" is not a valid GitHub commit ID"}
{"level":"info","ts":1582442920.070642,"logger":"fallback-logger","caller":"git/git.go:103","msg":"Successfully cloned https://github.com/cb-kubecd/environment-pr-165-58-boot-gke-staging.git @ master in path /workspace/source"}

Showing logs for build [32mcb-kubecd-environment-pr-165-58-47qmt-1[0m stage [32mfrom-build-pack[0m and container [32mstep-git-merge[0m
Using SHAs from PULL_REFS=master:2d1a30a63543c4f2412a2f9755c7d96f0e2d908e,6:5bdca540db4fb5d24cc7fc378741618037f60a54
DEBUG: LC_ALL=C JX_LOG_LEVEL=error git fetch origin --unshallow 5bdca540db4fb5d24cc7fc378741618037f60a54: 2d1a30a63543c4f2412a2f9755c7d96f0e2d908e:
DEBUG: ran git fetch --unshallow origin 5bdca540db4fb5d24cc7fc378741618037f60a54: 2d1a30a63543c4f2412a2f9755c7d96f0e2d908e: in 
DEBUG: LC_ALL=C JX_LOG_LEVEL=error git branch
DEBUG: LC_ALL=C JX_LOG_LEVEL=error git checkout master
DEBUG: ran git checkout master in 
DEBUG: LC_ALL=C JX_LOG_LEVEL=error git reset --hard 2d1a30a63543c4f2412a2f9755c7d96f0e2d908e
DEBUG: ran git reset --hard 2d1a30a63543c4f2412a2f9755c7d96f0e2d908e in 
DEBUG: LC_ALL=C JX_LOG_LEVEL=error git clean -fd .
DEBUG: ran clean --force -d . in 
DEBUG: LC_ALL=C JX_LOG_LEVEL=error git merge 5bdca540db4fb5d24cc7fc378741618037f60a54
DEBUG: ran git merge 5bdca540db4fb5d24cc7fc378741618037f60a54 in 
DEBUG: JX_LOG_LEVEL=error LC_ALL=C git log --format=%H%x1f%an%x1f%ae%x1f%cn%x1f%ce%x1f%s%n%b%x1e 2d1a30a63543c4f2412a2f9755c7d96f0e2d908e..HEAD
Merged SHA 5bdca540db4fb5d24cc7fc378741618037f60a54 with commit message 'chore: Promote bdd-ghf**y-import-1582442200 to version 0.0.1' into base branch master

Showing logs for build [32mcb-kubecd-environment-pr-165-58-47qmt-1[0m stage [32mfrom-build-pack[0m and container [32mstep-build-helm-build[0m
WARNING: No $CHART_REPOSITORY defined so using the default value of: http://jenkins-x-chartmuseum:8080
Adding missing Helm repo: storage.googleapis.com https://storage.googleapis.com/chartmuseum.jenkins-x.io
WARNING: No secrets found on "helm/repos" due: reading the secret "helm/repos" from vault: no secret "helm/repos" not found in vault
Read credentials for https://storage.googleapis.com/chartmuseum.jenkins-x.io from vault helm/repos
Successfully added Helm repository storage.googleapis.com.
Adding missing Helm repo: jenkins-x-chartmuseum http://jenkins-x-chartmuseum:8080
WARNING: No secrets found on "helm/repos" due: reading the secret "helm/repos" from vault: no secret "helm/repos" not found in vault
Read credentials for http://jenkins-x-chartmuseum:8080 from vault helm/repos
Successfully added Helm repository jenkins-x-chartmuseum.
WARNING: No $CHART_REPOSITORY defined so using the default value of: http://jenkins-x-chartmuseum:8080
Adding missing Helm repo: chartmuseum.jenkins-x.io http://chartmuseum.jenkins-x.io
WARNING: No secrets found on "helm/repos" due: reading the secret "helm/repos" from vault: no secret "helm/repos" not found in vault
Read credentials for http://chartmuseum.jenkins-x.io from vault helm/repos
Successfully added Helm repository chartmuseum.jenkins-x.io.
